<!DOCTYPE html>
<html>
<head>
    <title>Unittest Results</title>
    <meta charset="utf-8">
    <meta name="viewport" content="width=device-width, initial-scale=1.0">
    <link rel="stylesheet" href="https://maxcdn.bootstrapcdn.com/bootstrap/3.3.6/css/bootstrap.min.css" integrity="sha384-1q8mTJOASx8j1Au+a5WDVnPi2lkFfwwEAa8hDDdjZlpLegxhjVME1fgjWPGmkzs7" crossorigin="anonymous">
</head>
<body>
    <div class="container">
        <div class="row">
            <div class="col-xs-12">
                <h2 class="text-capitalize">Unittest Results</h2>
                <p class='attribute'><strong>Start Time: </strong>2025-05-15 16:59:39</p>
                <p class='attribute'><strong>Duration: </strong>0 ms</p>
                <p class='attribute'><strong>Summary: </strong>Total: 1, Pass: 0, Error: 1</p>
            </div>
        </div>
        <div class="row">
            <div class="col-xs-12 col-sm-10 col-md-10">
                <table class='table table-hover table-responsive'>
                    <thead>
                        <tr>
                            <th>unittest.loader._FailedTest</th>
                            <th>Status</th>
                            <th></th>
                        </tr>
                    </thead>
                    <tbody>
                        <tr class='warning'>
                            <td class="col-xs-10">test_link_scanner</td>
                            <td class="col-xs-1">
                                <span class="label label-warning" style="display:block;width:40px;">Error</span>
                            </td>
                            <td class="col-xs-1">
                                <button class="btn btn-default btn-xs">View</button>
                            </td>
                        </tr>
                        <tr style="display:none;">
                            <td class="col-xs-9" colspan="3"><p style="color:maroon;">ImportError: Failed to import test module: test_link_scanner
Traceback (most recent call last):
  File "/usr/lib/python3.10/unittest/loader.py", line 436, in _find_test_path
    module = self._get_module_from_name(name)
  File "/usr/lib/python3.10/unittest/loader.py", line 377, in _get_module_from_name
    __import__(name)
  File "/home/dorma/projects/linkshield_project/tests/test_link_scanner.py", line 4, in <module>
    from scanner.link_scanner import LinkScanner
  File "/home/dorma/projects/linkshield_project/scanner/link_scanner.py", line 6, in <module>
    from infra.browser_executor import BrowserExecutor
  File "/home/dorma/projects/linkshield_project/infra/browser_executor.py", line 6, in <module>
    from playwright.sync_api import (
ModuleNotFoundError: No module named 'playwright'
</p><p style="color:maroon;">ImportError: Failed to import test module: test_link_scanner
Traceback (most recent call last):
  File "/usr/lib/python3.10/unittest/loader.py", line 436, in _find_test_path
    module = self._get_module_from_name(name)
  File "/usr/lib/python3.10/unittest/loader.py", line 377, in _get_module_from_name
    __import__(name)
  File "/home/dorma/projects/linkshield_project/tests/test_link_scanner.py", line 4, in <module>
    from scanner.link_scanner import LinkScanner
  File "/home/dorma/projects/linkshield_project/scanner/link_scanner.py", line 6, in <module>
    from infra.browser_executor import BrowserExecutor
  File "/home/dorma/projects/linkshield_project/infra/browser_executor.py", line 6, in <module>
    from playwright.sync_api import (
ModuleNotFoundError: No module named 'playwright'

</p>
                            </td>
                        </tr>
                        <tr>
                            <td colspan="3">
                                Total: 1, Pass: 0, Error: 1 -- Duration: 0 ms
                            </td>
                        </tr>
                    </tbody>
                </table>
            </div>
        </div>
    </div>
    <script src="https://ajax.googleapis.com/ajax/libs/jquery/2.2.4/jquery.min.js"></script>
    <script type="text/javascript">
        $(document).ready(function(){
            $('td').on('click', '.btn', function(e){
                e.preventDefault();
                e.stopImmediatePropagation();
                var $this = $(this);
                var $nextRow = $this.closest('tr').next('tr');
                $nextRow.slideToggle("fast");
                $this.text(function(i, text){
                    if (text === 'View') {
                        return 'Hide';
                    } else {
                        return 'View';
                    };
                });
            });
        });
    </script>
</body>
</html